[2019-10-28 15:26:44,803] [INFO    ] [ 5996] [run_log_parser -- run_log_parser.py :   49] [Start ASR_Log_Parser.]
[2019-10-28 15:26:44,803] [DEBUG   ] [ 5996] [run_log_parser -- run_log_parser.py :   39] [Handle log start.]
[2019-10-28 15:26:44,803] [DEBUG   ] [ 5996] [run_log_parser -- run_log_parser.py :   41] [Handle log finished.]
[2019-10-28 15:34:44,342] [INFO    ] [18040] [run_log_parser -- run_log_parser.py :   50] [Start ASR_Log_Parser.]
[2019-10-28 15:34:44,342] [DEBUG   ] [18040] [run_log_parser -- run_log_parser.py :   40] [Handle log start.]
[2019-10-28 15:34:44,344] [DEBUG   ] [18040] [run_log_parser -- run_log_parser.py :   42] [Handle log finished.]
[2019-10-28 15:37:45,578] [INFO    ] [ 2796] [run_log_parser -- run_log_parser.py :   50] [Start ASR_Log_Parser.]
[2019-10-28 15:37:45,578] [DEBUG   ] [ 2796] [run_log_parser -- run_log_parser.py :   40] [Handle log start.]
[2019-10-28 15:37:45,578] [DEBUG   ] [ 2796] [run_log_parser -- run_log_parser.py :   42] [Handle log finished.]
[2019-10-28 15:48:25,631] [INFO    ] [13492] [run_log_parser -- run_log_parser.py :   47] [Start ASR_Log_Parser.]
[2019-10-28 15:48:25,631] [DEBUG   ] [13492] [run_log_parser -- run_log_parser.py :   37] [Handle log start.]
[2019-10-28 15:48:25,631] [INFO    ] [13492] [handle_log -- handle_log.py :   16] [/home/admin/v2.6_16K/service/logs]
[2019-10-28 15:48:25,631] [DEBUG   ] [13492] [run_log_parser -- run_log_parser.py :   39] [Handle log finished.]
[2019-11-12 16:52:07,131] [INFO    ] [10328] [run_log_parser -- run_log_parser.py :   47] [Start ASR_Log_Parser.]
[2019-11-12 16:52:07,148] [DEBUG   ] [10328] [run_log_parser -- run_log_parser.py :   37] [Handle log start.]
[2019-11-12 16:52:07,148] [INFO    ] [10328] [handle_log -- handle_log.py :   16] [/home/admin/v2.6_16K/service/logs]
[2019-11-12 16:52:07,148] [DEBUG   ] [10328] [run_log_parser -- run_log_parser.py :   39] [Handle log finished.]
[2019-11-12 17:00:42,144] [INFO    ] [11948] [run_log_parser -- run_log_parser.py :   47] [Start ASR_Log_Parser.]
[2019-11-12 17:00:42,144] [DEBUG   ] [11948] [run_log_parser -- run_log_parser.py :   37] [Handle log start.]
[2019-11-12 17:00:42,144] [DEBUG   ] [11948] [run_log_parser -- run_log_parser.py :   39] [Handle log finished.]
[2019-11-12 17:01:33,407] [INFO    ] [ 4020] [run_log_parser -- run_log_parser.py :   47] [Start ASR_Log_Parser.]
[2019-11-12 17:01:33,407] [DEBUG   ] [ 4020] [run_log_parser -- run_log_parser.py :   37] [Handle log start.]
[2019-11-12 17:01:33,407] [DEBUG   ] [ 4020] [run_log_parser -- run_log_parser.py :   39] [Handle log finished.]
[2019-11-12 17:03:26,421] [INFO    ] [11384] [run_log_parser -- run_log_parser.py :   46] [Start ASR_Log_Parser.]
[2019-11-12 17:04:18,325] [INFO    ] [ 9356] [run_log_parser -- run_log_parser.py :   46] [Start ASR_Log_Parser.]
[2019-11-12 17:08:42,165] [INFO    ] [12184] [run_log_parser -- run_log_parser.py :   43] [Start ASR_Log_Parser.]
[2019-11-12 17:10:18,549] [INFO    ] [13264] [run_log_parser -- run_log_parser.py :   47] [Start ASR_Log_Parser.]
[2019-11-12 17:10:18,549] [DEBUG   ] [13264] [run_log_parser -- run_log_parser.py :   37] [Handle log start.]
[2019-11-12 17:10:18,549] [INFO    ] [13264] [handle_log -- handle_log.py :   17] [/home/admin/v2.6_16K/service/logs]
[2019-11-12 17:10:18,549] [DEBUG   ] [13264] [run_log_parser -- run_log_parser.py :   39] [Handle log finished.]
[2019-11-12 17:10:31,961] [INFO    ] [ 8944] [run_log_parser -- run_log_parser.py :   47] [Start ASR_Log_Parser.]
[2019-11-12 17:10:31,961] [DEBUG   ] [ 8944] [run_log_parser -- run_log_parser.py :   37] [Handle log start.]
[2019-11-12 17:10:31,961] [INFO    ] [ 8944] [handle_log -- handle_log.py :   18] [/home/admin/v2.6_16K/service/logs]
[2019-11-12 17:10:31,961] [DEBUG   ] [ 8944] [run_log_parser -- run_log_parser.py :   39] [Handle log finished.]
[2019-11-12 17:10:52,900] [INFO    ] [ 4016] [run_log_parser -- run_log_parser.py :   47] [Start ASR_Log_Parser.]
[2019-11-12 17:10:52,900] [DEBUG   ] [ 4016] [run_log_parser -- run_log_parser.py :   37] [Handle log start.]
[2019-11-12 17:10:52,901] [INFO    ] [ 4016] [handle_log -- handle_log.py :   18] [/home/admin/v2.6_16K/service/logs]
[2019-11-12 17:10:52,901] [DEBUG   ] [ 4016] [run_log_parser -- run_log_parser.py :   39] [Handle log finished.]
[2019-11-12 17:11:10,499] [INFO    ] [12976] [run_log_parser -- run_log_parser.py :   47] [Start ASR_Log_Parser.]
[2019-11-12 17:11:10,499] [DEBUG   ] [12976] [run_log_parser -- run_log_parser.py :   37] [Handle log start.]
[2019-11-12 17:11:10,499] [INFO    ] [12976] [handle_log -- handle_log.py :   18] [/home/admin/v2.6_16K/service/logs]
[2019-11-12 17:11:10,499] [DEBUG   ] [12976] [run_log_parser -- run_log_parser.py :   39] [Handle log finished.]
